2026-03-29 10:29:09 - INFO - ============================================================
2026-03-29 10:29:09 - INFO - Starting Master Data Migration
2026-03-29 10:29:09 - INFO - ============================================================
2026-03-29 10:29:09 - INFO - Database connections established
2026-03-29 10:29:09 - INFO - Fetching source data from cdrug table...
2026-03-29 10:29:09 - INFO - Fetched 6821 records from source
2026-03-29 10:29:09 - INFO - Cleansing data...
2026-03-29 10:29:09 - INFO - Cleansed 6821 records, removed 0 duplicates
2026-03-29 10:29:09 - INFO - Validating data...
2026-03-29 10:29:09 - INFO - Validation complete: 6793 valid, 28 invalid
2026-03-29 10:29:09 - INFO - Ensuring categories exist...
2026-03-29 10:29:09 - ERROR - Migration error: (1054, "Unknown column 'category_code' in 'where clause'")
Traceback (most recent call last):
  File "C:\fullstack\inventory-procurement\scripts\migrate-master-data.py", line 789, in run
    category_map = self.ensure_categories(valid_records)
                   ^^^^^^^^^^^^^^^^^^^^^^^^^^^^^^^^^^^^^
  File "C:\fullstack\inventory-procurement\scripts\migrate-master-data.py", line 577, in ensure_categories
    cursor.execute(
  File "C:\Users\user\AppData\Local\Programs\Python\Python312\Lib\site-packages\pymysql\cursors.py", line 153, in execute
    result = self._query(query)
             ^^^^^^^^^^^^^^^^^^
  File "C:\Users\user\AppData\Local\Programs\Python\Python312\Lib\site-packages\pymysql\cursors.py", line 322, in _query
    conn.query(q)
  File "C:\Users\user\AppData\Local\Programs\Python\Python312\Lib\site-packages\pymysql\connections.py", line 563, in query
    self._affected_rows = self._read_query_result(unbuffered=unbuffered)
                          ^^^^^^^^^^^^^^^^^^^^^^^^^^^^^^^^^^^^^^^^^^^^^^
  File "C:\Users\user\AppData\Local\Programs\Python\Python312\Lib\site-packages\pymysql\connections.py", line 825, in _read_query_result
    result.read()
  File "C:\Users\user\AppData\Local\Programs\Python\Python312\Lib\site-packages\pymysql\connections.py", line 1199, in read
    first_packet = self.connection._read_packet()
                   ^^^^^^^^^^^^^^^^^^^^^^^^^^^^^^
  File "C:\Users\user\AppData\Local\Programs\Python\Python312\Lib\site-packages\pymysql\connections.py", line 775, in _read_packet
    packet.raise_for_error()
  File "C:\Users\user\AppData\Local\Programs\Python\Python312\Lib\site-packages\pymysql\protocol.py", line 219, in raise_for_error
    err.raise_mysql_exception(self._data)
  File "C:\Users\user\AppData\Local\Programs\Python\Python312\Lib\site-packages\pymysql\err.py", line 150, in raise_mysql_exception
    raise errorclass(errno, errval)
pymysql.err.OperationalError: (1054, "Unknown column 'category_code' in 'where clause'")
2026-03-29 10:29:09 - INFO - Database connections closed
