2026-03-29 10:28:43 - INFO - ============================================================
2026-03-29 10:28:43 - INFO - Starting Master Data Migration
2026-03-29 10:28:43 - INFO - ============================================================
2026-03-29 10:28:43 - INFO - Database connections established
2026-03-29 10:28:43 - INFO - Fetching source data from cdrug table...
2026-03-29 10:28:43 - ERROR - Migration error: (1049, "Unknown database 'jhcisdb'")
Traceback (most recent call last):
  File "C:\fullstack\inventory-procurement\scripts\migrate-master-data.py", line 775, in run
    source_records = self.fetch_source_data()
                     ^^^^^^^^^^^^^^^^^^^^^^^^
  File "C:\fullstack\inventory-procurement\scripts\migrate-master-data.py", line 472, in fetch_source_data
    with self.source_db.connect() as conn:
         ^^^^^^^^^^^^^^^^^^^^^^^^
  File "C:\fullstack\inventory-procurement\scripts\migrate-master-data.py", line 118, in connect
    self._connection = pymysql.connect(
                       ^^^^^^^^^^^^^^^^
  File "C:\Users\user\AppData\Local\Programs\Python\Python312\Lib\site-packages\pymysql\connections.py", line 361, in __init__
    self.connect()
  File "C:\Users\user\AppData\Local\Programs\Python\Python312\Lib\site-packages\pymysql\connections.py", line 669, in connect
    self._request_authentication()
  File "C:\Users\user\AppData\Local\Programs\Python\Python312\Lib\site-packages\pymysql\connections.py", line 957, in _request_authentication
    auth_packet = self._read_packet()
                  ^^^^^^^^^^^^^^^^^^^
  File "C:\Users\user\AppData\Local\Programs\Python\Python312\Lib\site-packages\pymysql\connections.py", line 775, in _read_packet
    packet.raise_for_error()
  File "C:\Users\user\AppData\Local\Programs\Python\Python312\Lib\site-packages\pymysql\protocol.py", line 219, in raise_for_error
    err.raise_mysql_exception(self._data)
  File "C:\Users\user\AppData\Local\Programs\Python\Python312\Lib\site-packages\pymysql\err.py", line 150, in raise_mysql_exception
    raise errorclass(errno, errval)
pymysql.err.OperationalError: (1049, "Unknown database 'jhcisdb'")
2026-03-29 10:28:44 - INFO - Database connections closed
