2026-03-29 10:31:41 - INFO - ============================================================
2026-03-29 10:31:41 - INFO - Starting Supplier Migration
2026-03-29 10:31:41 - INFO - ============================================================
2026-03-29 10:31:41 - INFO - Database connections established
2026-03-29 10:31:41 - INFO - Fetching supplier data from source...
2026-03-29 10:31:41 - INFO - Fetched 11 unique supplier names from source
2026-03-29 10:31:41 - INFO - Cleansing supplier data...
2026-03-29 10:31:41 - INFO - Cleansed 11 supplier records
2026-03-29 10:31:41 - INFO - Deduplicating supplier records...
2026-03-29 10:31:41 - INFO - Found 10 duplicates, 1 unique suppliers
2026-03-29 10:31:41 - INFO - Validating supplier data...
2026-03-29 10:31:41 - INFO - Validation complete: 1 valid, 0 invalid
2026-03-29 10:31:41 - INFO - Ensuring target tables exist...
2026-03-29 10:31:41 - INFO - Target tables ready
2026-03-29 10:31:41 - INFO - Starting supplier import...
2026-03-29 10:31:41 - ERROR - Error importing องค์การเภสัชฯ: (1054, "Unknown column 'is_government' in 'field list'")
2026-03-29 10:31:41 - INFO - Import complete: 0 imported, 0 updated, 1 errors
2026-03-29 10:31:41 - INFO - Report saved to: logs\migration\suppliers_report_20260329_103141.json
2026-03-29 10:31:41 - INFO - ============================================================
2026-03-29 10:31:41 - INFO - Supplier Migration Complete!
2026-03-29 10:31:41 - INFO - Total source records: 11
2026-03-29 10:31:41 - INFO - Unique suppliers: 11
2026-03-29 10:31:41 - INFO - Duplicates found: 10
2026-03-29 10:31:41 - INFO - Suppliers imported: 0
2026-03-29 10:31:41 - INFO - Suppliers updated: 0
2026-03-29 10:31:41 - INFO - Errors: 1
2026-03-29 10:31:41 - INFO - ============================================================
2026-03-29 10:31:41 - INFO - Database connections closed
